{"/Users/JMR60/Documents/familytree/familytreeclass.js": {"path":"/Users/JMR60/Documents/familytree/familytreeclass.js","statementMap":{"0":{"start":{"line":5,"column":8},"end":{"line":5,"column":25}},"1":{"start":{"line":6,"column":8},"end":{"line":6,"column":31}},"2":{"start":{"line":9,"column":8},"end":{"line":9,"column":87}},"3":{"start":{"line":15,"column":16},"end":{"line":15,"column":50}},"4":{"start":{"line":16,"column":18},"end":{"line":16,"column":56}},"5":{"start":{"line":20,"column":17},"end":{"line":20,"column":36}},"6":{"start":{"line":24,"column":17},"end":{"line":24,"column":91}},"7":{"start":{"line":25,"column":19},"end":{"line":25,"column":94}},"8":{"start":{"line":29,"column":18},"end":{"line":29,"column":39}},"9":{"start":{"line":34,"column":16},"end":{"line":34,"column":88}},"10":{"start":{"line":35,"column":13},"end":{"line":35,"column":84}},"11":{"start":{"line":36,"column":15},"end":{"line":36,"column":86}},"12":{"start":{"line":40,"column":17},"end":{"line":40,"column":40}},"13":{"start":{"line":44,"column":0},"end":{"line":44,"column":39}}},"fnMap":{"0":{"name":"(anonymous_0)","decl":{"start":{"line":4,"column":4},"end":{"line":4,"column":5}},"loc":{"start":{"line":4,"column":30},"end":{"line":7,"column":5}},"line":4},"1":{"name":"(anonymous_1)","decl":{"start":{"line":8,"column":4},"end":{"line":8,"column":5}},"loc":{"start":{"line":8,"column":14},"end":{"line":10,"column":5}},"line":8}},"branchMap":{},"s":{"0":7,"1":7,"2":0,"3":1,"4":1,"5":1,"6":1,"7":1,"8":1,"9":1,"10":1,"11":1,"12":1,"13":1},"f":{"0":7,"1":0},"b":{},"_coverageSchema":"1a1c01bbd47fc00a2c39e90264f33305004495a9","hash":"0ebbe4d893d81e1492e69e6376be17970caaca98"}
,"/Users/JMR60/Documents/familytree/sum.js": {"path":"/Users/JMR60/Documents/familytree/sum.js","statementMap":{"0":{"start":{"line":1,"column":12},"end":{"line":3,"column":1}},"1":{"start":{"line":2,"column":4},"end":{"line":2,"column":14}},"2":{"start":{"line":5,"column":0},"end":{"line":5,"column":23}}},"fnMap":{"0":{"name":"(anonymous_0)","decl":{"start":{"line":1,"column":12},"end":{"line":1,"column":13}},"loc":{"start":{"line":1,"column":27},"end":{"line":3,"column":1}},"line":1}},"branchMap":{},"s":{"0":1,"1":1,"2":1},"f":{"0":1},"b":{},"_coverageSchema":"1a1c01bbd47fc00a2c39e90264f33305004495a9","hash":"0975df42c5d2b6c64317fa2a06dd29450f0cb149"}
}
